Importing data...
Setting up CASCI calculation...
Starting CASCI calculation...

** Self-consistently update the solvent effects for StateAveragePCMCASCI **

** Solvent self-consistent cycle 0:

WARN: PCM is an experimental feature. It is still in testing.
Features and APIs may be changed in the future.

CASCI E = -1490.64328277383  E(CI) = -1.28778525338885  S^2 = 1.1764706
CASCI state-averaged energy = -1490.64328277383
CASCI energy for each state
  State 0 weight 0.0588235  E = -1490.84209624754 S^2 = 0.0000000
  State 1 weight 0.0588235  E = -1490.74765256587 S^2 = 2.0000000
  State 2 weight 0.0588235  E = -1490.74627904666 S^2 = 2.0000000
  State 3 weight 0.0588235  E = -1490.67749449347 S^2 = 0.0000000
  State 4 weight 0.0588235  E = -1490.67499784201 S^2 = 0.0000000
  State 5 weight 0.0588235  E = -1490.6517738549 S^2 = 6.0000000
  State 6 weight 0.0588235  E = -1490.65101502023 S^2 = 2.0000000
  State 7 weight 0.0588235  E = -1490.65066220711 S^2 = 0.0000000
  State 8 weight 0.0588235  E = -1490.61732660041 S^2 = 2.0000000
  State 9 weight 0.0588235  E = -1490.61714990073 S^2 = 2.0000000
  State 10 weight 0.0588235  E = -1490.61689070207 S^2 = 0.0000000
  State 11 weight 0.0588235  E = -1490.61522221568 S^2 = 0.0000000
  State 12 weight 0.0588235  E = -1490.58106366476 S^2 = 2.0000000
  State 13 weight 0.0588235  E = -1490.57987380873 S^2 = 2.0000000
  State 14 weight 0.0588235  E = -1490.57746573991 S^2 = 0.0000000
  State 15 weight 0.0588235  E = -1490.57737132578 S^2 = 0.0000000
  State 16 weight 0.0588235  E = -1490.51147191925 S^2 = 0.0000000
Solvent cycle 0  E(CASCI+solvent) = -1490.64328277383  dE = -1490.64

** Solvent self-consistent cycle 1:

WARN: PCM is an experimental feature. It is still in testing.
Features and APIs may be changed in the future.

CASCI E = -1490.94205028387  E(CI) = -1.29696289121352  S^2 = 1.1764706
CASCI state-averaged energy = -1490.94205028387
CASCI energy for each state
  State 0 weight 0.0588235  E = -1491.1407899156 S^2 = 0.0000000
  State 1 weight 0.0588235  E = -1491.04638771114 S^2 = 2.0000000
  State 2 weight 0.0588235  E = -1491.04502731039 S^2 = 2.0000000
  State 3 weight 0.0588235  E = -1490.9762014831 S^2 = 0.0000000
  State 4 weight 0.0588235  E = -1490.97372779462 S^2 = 0.0000000
  State 5 weight 0.0588235  E = -1490.95060415878 S^2 = 6.0000000
  State 6 weight 0.0588235  E = -1490.94981044627 S^2 = 2.0000000
  State 7 weight 0.0588235  E = -1490.9494396037 S^2 = 0.0000000
  State 8 weight 0.0588235  E = -1490.91610001726 S^2 = 2.0000000
  State 9 weight 0.0588235  E = -1490.91593597567 S^2 = 2.0000000
  State 10 weight 0.0588235  E = -1490.91568254347 S^2 = 0.0000000
  State 11 weight 0.0588235  E = -1490.9140365148 S^2 = 0.0000000
  State 12 weight 0.0588235  E = -1490.87983286035 S^2 = 2.0000000
  State 13 weight 0.0588235  E = -1490.87870411258 S^2 = 2.0000000
  State 14 weight 0.0588235  E = -1490.87623822173 S^2 = 0.0000000
  State 15 weight 0.0588235  E = -1490.87614810065 S^2 = 0.0000000
  State 16 weight 0.0588235  E = -1490.81018805566 S^2 = 0.0000000
Solvent cycle 1  E(CASCI+solvent) = -1490.6509837073  dE = -0.00770093

** Solvent self-consistent cycle 2:

WARN: PCM is an experimental feature. It is still in testing.
Features and APIs may be changed in the future.

CASCI E = -1490.94167033718  E(CI) = -1.29695915783418  S^2 = 1.1764706
CASCI state-averaged energy = -1490.94167033718
CASCI energy for each state
  State 0 weight 0.0588235  E = -1491.14040986783 S^2 = 0.0000000
  State 1 weight 0.0588235  E = -1491.04600772077 S^2 = 2.0000000
  State 2 weight 0.0588235  E = -1491.04464733113 S^2 = 2.0000000
  State 3 weight 0.0588235  E = -1490.9758214409 S^2 = 0.0000000
  State 4 weight 0.0588235  E = -1490.97334776422 S^2 = 0.0000000
  State 5 weight 0.0588235  E = -1490.95022432453 S^2 = 6.0000000
  State 6 weight 0.0588235  E = -1490.94943053579 S^2 = 2.0000000
  State 7 weight 0.0588235  E = -1490.94905965438 S^2 = 0.0000000
  State 8 weight 0.0588235  E = -1490.91572011442 S^2 = 2.0000000
  State 9 weight 0.0588235  E = -1490.91555607627 S^2 = 2.0000000
  State 10 weight 0.0588235  E = -1490.91530268882 S^2 = 0.0000000
  State 11 weight 0.0588235  E = -1490.91365667058 S^2 = 0.0000000
  State 12 weight 0.0588235  E = -1490.87945289184 S^2 = 2.0000000
  State 13 weight 0.0588235  E = -1490.87832427833 S^2 = 2.0000000
  State 14 weight 0.0588235  E = -1490.87585826294 S^2 = 0.0000000
  State 15 weight 0.0588235  E = -1490.87576815086 S^2 = 0.0000000
  State 16 weight 0.0588235  E = -1490.80980795846 S^2 = 0.0000000
Solvent cycle 2  E(CASCI+solvent) = -1490.65098428984  dE = -5.82539e-07

** Solvent self-consistent cycle 3:

WARN: PCM is an experimental feature. It is still in testing.
Features and APIs may be changed in the future.

CASCI E = -1490.94167033718  E(CI) = -1.29695915783418  S^2 = 1.1764706
CASCI state-averaged energy = -1490.94167033718
CASCI energy for each state
  State 0 weight 0.0588235  E = -1491.14040986783 S^2 = 0.0000000
  State 1 weight 0.0588235  E = -1491.04600772077 S^2 = 2.0000000
  State 2 weight 0.0588235  E = -1491.04464733113 S^2 = 2.0000000
  State 3 weight 0.0588235  E = -1490.9758214409 S^2 = 0.0000000
  State 4 weight 0.0588235  E = -1490.97334776422 S^2 = 0.0000000
  State 5 weight 0.0588235  E = -1490.95022432453 S^2 = 6.0000000
  State 6 weight 0.0588235  E = -1490.94943053579 S^2 = 2.0000000
  State 7 weight 0.0588235  E = -1490.94905965438 S^2 = 0.0000000
  State 8 weight 0.0588235  E = -1490.91572011442 S^2 = 2.0000000
  State 9 weight 0.0588235  E = -1490.91555607627 S^2 = 2.0000000
  State 10 weight 0.0588235  E = -1490.91530268882 S^2 = 0.0000000
  State 11 weight 0.0588235  E = -1490.91365667058 S^2 = 0.0000000
  State 12 weight 0.0588235  E = -1490.87945289184 S^2 = 2.0000000
  State 13 weight 0.0588235  E = -1490.87832427833 S^2 = 2.0000000
  State 14 weight 0.0588235  E = -1490.87585826294 S^2 = 0.0000000
  State 15 weight 0.0588235  E = -1490.87576815086 S^2 = 0.0000000
  State 16 weight 0.0588235  E = -1490.80980795846 S^2 = 0.0000000
Solvent cycle 3  E(CASCI+solvent) = -1490.65098428984  dE = 0

******** <class 'pyscf.mcscf.addons.StateAveragePCMCASCI'> ********
CAS (2e+2e, 4o), ncore = 127, nvir = 535
natorb = False
canonicalization = True
sorting_mo_energy = False
max_memory 4000 MB (current use 0 MB)
******** <class 'pyscf.mcscf.addons.StateAverageFCISolver'> ********
max. cycles = 200
conv_tol = 1e-08
davidson only = False
linear dependence = 1e-12
level shift = 0.001
max iter space = 12
max_memory 4000 MB
nroots = 17
pspace_size = 400
spin = None
State-average over 17 states with weights [0.05882353 0.05882353 0.05882353 0.05882353 0.05882353 0.05882353
 0.05882353 0.05882353 0.05882353 0.05882353 0.05882353 0.05882353
 0.05882353 0.05882353 0.05882353 0.05882353 0.05882353]

WARN: PCM is an experimental feature. It is still in testing.
Features and APIs may be changed in the future.

Density matrix diagonal elements [1.28764118 0.71236487 1.28764126 0.71235269]
CASCI converged
self-consistent CASCI+solvent converged
Total energy with solvent effects
CASCI E = -1490.65098428984  E(CI) = -1.29695915783418  S^2 = 1.1764706
CASCI state-averaged energy = -1490.94167033718
CASCI energy for each state
  State 0 weight 0.0588235  E = -1491.14040986783 S^2 = 0.0000000
  State 1 weight 0.0588235  E = -1491.04600772077 S^2 = 2.0000000
  State 2 weight 0.0588235  E = -1491.04464733113 S^2 = 2.0000000
  State 3 weight 0.0588235  E = -1490.9758214409 S^2 = 0.0000000
  State 4 weight 0.0588235  E = -1490.97334776422 S^2 = 0.0000000
  State 5 weight 0.0588235  E = -1490.95022432453 S^2 = 6.0000000
  State 6 weight 0.0588235  E = -1490.94943053579 S^2 = 2.0000000
  State 7 weight 0.0588235  E = -1490.94905965438 S^2 = 0.0000000
  State 8 weight 0.0588235  E = -1490.91572011442 S^2 = 2.0000000
  State 9 weight 0.0588235  E = -1490.91555607627 S^2 = 2.0000000
  State 10 weight 0.0588235  E = -1490.91530268882 S^2 = 0.0000000
  State 11 weight 0.0588235  E = -1490.91365667058 S^2 = 0.0000000
  State 12 weight 0.0588235  E = -1490.87945289184 S^2 = 2.0000000
  State 13 weight 0.0588235  E = -1490.87832427833 S^2 = 2.0000000
  State 14 weight 0.0588235  E = -1490.87585826294 S^2 = 0.0000000
  State 15 weight 0.0588235  E = -1490.87576815086 S^2 = 0.0000000
  State 16 weight 0.0588235  E = -1490.80980795846 S^2 = 0.0000000
CASCI took 3478.718748 s.
CASCI energies:
Root  0 : 0.00000000 meV
Root  1 : 2568.81533503 meV
Root  2 : 2605.83345260 meV
Root  3 : 4478.68282938 meV
Root  4 : 4545.99505478 meV
Root  5 : 5175.21640534 meV
Root  6 : 5196.81651459 meV
Root  7 : 5206.90871982 meV
Root  8 : 6114.12454270 meV
Root  9 : 6118.58825187 meV
Root 10 : 6125.48328092 meV
Root 11 : 6170.27375481 meV
Root 12 : 7101.00673152 meV
Root 13 : 7131.71789423 meV
Root 14 : 7198.82164503 meV
Root 15 : 7201.27372163 meV
Root 16 : 8996.14342567 meV

==== Root 0 ====
 -0.9816   0b101   0b101
 +0.1341   0b110   0b110
 +0.1341   0b1001   0b1001

==== Root 1 ====
 +0.4950   0b101   0b110
 -0.4926   0b101   0b1001
 -0.4950   0b110   0b101
 +0.4926   0b1001   0b101

==== Root 2 ====
 -0.4941   0b101   0b110
 -0.4964   0b101   0b1001
 +0.4941   0b110   0b101
 +0.4964   0b1001   0b101

==== Root 3 ====
 -0.4898   0b101   0b110
 +0.4882   0b101   0b1001
 -0.4898   0b110   0b101
 +0.4882   0b1001   0b101

==== Root 4 ====
 -0.4934   0b101   0b110
 -0.4950   0b101   0b1001
 -0.4934   0b110   0b101
 -0.4950   0b1001   0b101

==== Root 5 ====
 -0.4082   0b11   0b1100
 +0.4082   0b101   0b1010
 -0.4082   0b110   0b1001
 -0.4082   0b1001   0b110
 +0.4082   0b1010   0b101
 -0.4082   0b1100   0b11

==== Root 6 ====
 -0.7054   0b11   0b1100
 +0.7054   0b1100   0b11

==== Root 7 ====
 +0.5751   0b11   0b1100
 +0.2858   0b101   0b1010
 -0.2893   0b110   0b1001
 -0.2893   0b1001   0b110
 +0.2858   0b1010   0b101
 +0.5751   0b1100   0b11

==== Root 8 ====
 -0.5134   0b11   0b101
 +0.5134   0b101   0b11
 -0.4858   0b101   0b1100
 +0.4858   0b1100   0b101

==== Root 9 ====
 -0.4844   0b11   0b101
 +0.4844   0b101   0b11
 +0.5120   0b101   0b1100
 -0.5120   0b1100   0b101

==== Root 10 ====
 -0.5003   0b11   0b101
 -0.5003   0b101   0b11
 +0.4976   0b101   0b1100
 +0.4976   0b1100   0b101

==== Root 11 ====
 +0.4919   0b11   0b101
 +0.4919   0b101   0b11
 +0.4947   0b101   0b1100
 +0.4947   0b1100   0b101

==== Root 12 ====
 -0.7018   0b110   0b1001
 +0.7018   0b1001   0b110

==== Root 13 ====
 +0.7071   0b101   0b1010
 -0.7071   0b1010   0b101

==== Root 14 ====
 +0.7511   0b110   0b110
 -0.6489   0b1001   0b1001

==== Root 15 ====
 +0.1885   0b101   0b101
 +0.6214   0b110   0b110
 +0.7275   0b1001   0b1001
 -0.1868   0b1010   0b1010

==== Root 16 ====
 -0.1659   0b11   0b110
 -0.4772   0b101   0b1010
 -0.1659   0b110   0b11
 -0.4587   0b110   0b1001
 -0.4587   0b1001   0b110
 +0.1658   0b1001   0b1100
 -0.4772   0b1010   0b101
 +0.1658   0b1100   0b1001
